<?xml version="1.0" encoding="UTF-8"?>
<!-- Generated by org.testng.reporters.JUnitReportReporter -->
<testsuite hostname="Sandz" failures="0" tests="4" name="com.Amazon.qa.Test.LoginPageTest" time="81.562" errors="0" timestamp="2019-08-14T19:08:54 GMT-04:00" skipped="0">
  <testcase classname="com.Amazon.qa.Test.LoginPageTest" name="loginPageTitleTest" time="18.809"/>
  <testcase classname="com.Amazon.qa.Test.LoginPageTest" name="loginPageLogo" time="28.702"/>
  <testcase classname="com.Amazon.qa.Test.LoginPageTest" name="loginTest" time="16.957"/>
  <testcase classname="com.Amazon.qa.Test.LoginPageTest" name="helpLinkTest" time="17.094"/>
</testsuite> <!-- com.Amazon.qa.Test.LoginPageTest -->
